<?xml version="1.0" encoding="UTF-8"?>
<testsuite name="Test different actions on the Static Table Page" tests="2" skipped="0" failures="0" errors="0" timestamp="2022-04-01T22:51:36" hostname="JUANPABLO" time="9.081">
  <properties/>
  <testcase name="As a Test Engineer, I want to retrieve the value of a static table" classname="Test different actions on the Static Table Page" time="6.9"/>
  <testcase name="As a Test Engineer, I want to validate the static table is displayed." classname="Test different actions on the Static Table Page" time="2.181"/>
  <system-out><![CDATA[r: 2, c: 1
]]></system-out>
  <system-err><![CDATA[Starting ChromeDriver 100.0.4896.60 (6a5d10861ce8de5fce22564658033b43cb7de047-refs/branch-heads/4896@{#875}) on port 58137
Only local connections are allowed.
Please see https://chromedriver.chromium.org/security-considerations for suggestions on keeping ChromeDriver safe.
ChromeDriver was started successfully.
abr. 01, 2022 5:51:40 P. M. org.openqa.selenium.remote.ProtocolHandshake createSession
INFO: Detected dialect: W3C
abr. 01, 2022 5:51:40 P. M. org.openqa.selenium.devtools.CdpVersionFinder findNearestMatch
WARNING: Unable to find an exact match for CDP version 100, so returning the closest version found: 97
abr. 01, 2022 5:51:40 P. M. org.openqa.selenium.devtools.CdpVersionFinder findNearestMatch
INFO: Found CDP implementation for version 100 of 97
]]></system-err>
</testsuite>
