<?xml version="1.0" encoding="UTF-8"?>
<testsuite name="Test different actions on the Static Table Page" tests="2" skipped="0" failures="0" errors="0" timestamp="2022-05-05T18:54:58" hostname="JUAN-PC" time="9.403">
  <properties/>
  <testcase name="As a Test Engineer, I want to retrieve the value of a static table" classname="Test different actions on the Static Table Page" time="6.683"/>
  <testcase name="As a Test Engineer, I want to validate the static table is displayed." classname="Test different actions on the Static Table Page" time="2.72"/>
  <system-out><![CDATA[r: 2, c: 1
]]></system-out>
  <system-err><![CDATA[Starting ChromeDriver 101.0.4951.41 (93c720db8323b3ec10d056025ab95c23a31997c9-refs/branch-heads/4951@{#904}) on port 57693
Only local connections are allowed.
Please see https://chromedriver.chromium.org/security-considerations for suggestions on keeping ChromeDriver safe.
ChromeDriver was started successfully.
may. 05, 2022 1:55:01 P. M. org.openqa.selenium.remote.ProtocolHandshake createSession
INFO: Detected dialect: W3C
may. 05, 2022 1:55:01 P. M. org.openqa.selenium.devtools.CdpVersionFinder findNearestMatch
WARNING: Unable to find an exact match for CDP version 101, so returning the closest version found: 97
may. 05, 2022 1:55:01 P. M. org.openqa.selenium.devtools.CdpVersionFinder findNearestMatch
INFO: Found CDP implementation for version 101 of 97
]]></system-err>
</testsuite>
