<?xml version="1.0" encoding="UTF-8"?>
<testsuite name="Test different actions on a sandbox page" tests="1" skipped="0" failures="0" errors="0" timestamp="2022-03-31T23:19:52" hostname="JUANPABLO" time="6.522">
  <properties/>
  <testcase name="As a Test Engineer, I want to validate that a text is present inside the list." classname="Test different actions on a sandbox page" time="6.522"/>
  <system-out><![CDATA[[Seattle, Washington, Washington, District Of Columbia, Spokane, Washington, Tacoma, Washington, Vancouver, Washington, Bellevue, Washington, Kent, Washington, Everett, Washington, Renton, Washington, Yakima, Washington, Federal Way, Washington, Spokane Valley, Washington, Kirkland, Washington, Bellingham, Washington, Kennewick, Washington, Auburn, Washington, Pasco, Washington, Marysville, Washington, Lakewood, Washington, Redmond, Washington, Shoreline, Washington, Richland, Washington, Sammamish, Washington, Burien, Washington, Olympia, Washington, Lacey, Washington, Edmonds, Washington, Bremerton, Washington, Puyallup, Washington]
The text is on the List. PASSED.
]]></system-out>
  <system-err><![CDATA[Starting ChromeDriver 99.0.4844.51 (d537ec02474b5afe23684e7963d538896c63ac77-refs/branch-heads/4844@{#875}) on port 57863
Only local connections are allowed.
Please see https://chromedriver.chromium.org/security-considerations for suggestions on keeping ChromeDriver safe.
ChromeDriver was started successfully.
mar. 31, 2022 6:19:55 P. M. org.openqa.selenium.remote.ProtocolHandshake createSession
INFO: Detected dialect: W3C
mar. 31, 2022 6:19:56 P. M. org.openqa.selenium.devtools.CdpVersionFinder findNearestMatch
WARNING: Unable to find an exact match for CDP version 99, so returning the closest version found: 97
mar. 31, 2022 6:19:56 P. M. org.openqa.selenium.devtools.CdpVersionFinder findNearestMatch
INFO: Found CDP implementation for version 99 of 97
]]></system-err>
</testsuite>
